    INFO: 2026-03-13 17:58:04,656:               log.py:   20: Logging to /Users/anindyag/panicsell/mdpdf.log
   DEBUG: 2026-03-13 17:58:04,656:               cli.py:  103: PanicSell_Project_Documentation.md
    INFO: 2026-03-13 17:58:04,659:         converter.py:   14: PanicSell_Project_Documentation.md
   DEBUG: 2026-03-13 17:58:04,666:      pdf_renderer.py:  470: printSegment: PanicSell — Project Documentation
   DEBUG: 2026-03-13 17:58:04,678:      pdf_renderer.py:  470: printSegment: One-Click Stock Liquidation Tool for Zerodha
   DEBUG: 2026-03-13 17:58:04,680:      pdf_renderer.py:  470: printSegment: | | |
   DEBUG: 2026-03-13 17:58:04,681:      pdf_renderer.py:  470: printSegment:  
   DEBUG: 2026-03-13 17:58:04,682:      pdf_renderer.py:  470: printSegment: |---|---|
   DEBUG: 2026-03-13 17:58:04,682:      pdf_renderer.py:  470: printSegment:  
   DEBUG: 2026-03-13 17:58:04,683:      pdf_renderer.py:  470: printSegment: | 
   DEBUG: 2026-03-13 17:58:04,683:      pdf_renderer.py:  470: printSegment: Version
   DEBUG: 2026-03-13 17:58:04,683:      pdf_renderer.py:  470: printSegment:  | 1.0.0 |
   DEBUG: 2026-03-13 17:58:04,683:      pdf_renderer.py:  470: printSegment:  
   DEBUG: 2026-03-13 17:58:04,684:      pdf_renderer.py:  470: printSegment: | 
   DEBUG: 2026-03-13 17:58:04,684:      pdf_renderer.py:  470: printSegment: Author
   DEBUG: 2026-03-13 17:58:04,684:      pdf_renderer.py:  470: printSegment:  | Anindya G |
   DEBUG: 2026-03-13 17:58:04,685:      pdf_renderer.py:  470: printSegment:  
   DEBUG: 2026-03-13 17:58:04,685:      pdf_renderer.py:  470: printSegment: | 
   DEBUG: 2026-03-13 17:58:04,685:      pdf_renderer.py:  470: printSegment: Date
   DEBUG: 2026-03-13 17:58:04,685:      pdf_renderer.py:  470: printSegment:  | March 2026 |
   DEBUG: 2026-03-13 17:58:04,686:      pdf_renderer.py:  470: printSegment:  
   DEBUG: 2026-03-13 17:58:04,686:      pdf_renderer.py:  470: printSegment: | 
   DEBUG: 2026-03-13 17:58:04,686:      pdf_renderer.py:  470: printSegment: Stack
   DEBUG: 2026-03-13 17:58:04,687:      pdf_renderer.py:  470: printSegment:  | Python (FastAPI) + React
   DEBUG: 2026-03-13 17:58:04,688:      pdf_renderer.py:  470: printSegment: (TypeScript) + Zerodha Kite Connect API |
   DEBUG: 2026-03-13 17:58:04,688:      pdf_renderer.py:  470: printSegment: Table of Contents
   DEBUG: 2026-03-13 17:58:04,688:      pdf_renderer.py:  470: printSegment:  1 
   DEBUG: 2026-03-13 17:58:04,689:      pdf_renderer.py:  470: printSegment: Project Overview
   DEBUG: 2026-03-13 17:58:04,689:      pdf_renderer.py:  470: printSegment:  2 
   DEBUG: 2026-03-13 17:58:04,689:      pdf_renderer.py:  470: printSegment: Problem Statement 
   DEBUG: 2026-03-13 17:58:04,690:      pdf_renderer.py:  470: printSegment: &
   DEBUG: 2026-03-13 17:58:04,690:      pdf_renderer.py:  470: printSegment:  Motivation
   DEBUG: 2026-03-13 17:58:04,691:      pdf_renderer.py:  470: printSegment:  3 
   DEBUG: 2026-03-13 17:58:04,691:      pdf_renderer.py:  470: printSegment: Architecture
   DEBUG: 2026-03-13 17:58:04,691:      pdf_renderer.py:  470: printSegment:  4 
   DEBUG: 2026-03-13 17:58:04,691:      pdf_renderer.py:  470: printSegment: Tech Stack
   DEBUG: 2026-03-13 17:58:04,692:      pdf_renderer.py:  470: printSegment:  5 
   DEBUG: 2026-03-13 17:58:04,692:      pdf_renderer.py:  470: printSegment: Project Structure
   DEBUG: 2026-03-13 17:58:04,692:      pdf_renderer.py:  470: printSegment:  6 
   DEBUG: 2026-03-13 17:58:04,693:      pdf_renderer.py:  470: printSegment: Zerodha Kite Connect API Integration
   DEBUG: 2026-03-13 17:58:04,693:      pdf_renderer.py:  470: printSegment:  7 
   DEBUG: 2026-03-13 17:58:04,693:      pdf_renderer.py:  470: printSegment: Authentication Flow
   DEBUG: 2026-03-13 17:58:04,693:      pdf_renderer.py:  470: printSegment:  8 
   DEBUG: 2026-03-13 17:58:04,694:      pdf_renderer.py:  470: printSegment: Core Features
   DEBUG: 2026-03-13 17:58:04,694:      pdf_renderer.py:  470: printSegment:  9 
   DEBUG: 2026-03-13 17:58:04,694:      pdf_renderer.py:  470: printSegment: Backend — API Design
   DEBUG: 2026-03-13 17:58:04,700:      pdf_renderer.py:  470: printSegment:  10 
   DEBUG: 2026-03-13 17:58:04,700:      pdf_renderer.py:  470: printSegment: Frontend — Component Architecture
   DEBUG: 2026-03-13 17:58:04,701:      pdf_renderer.py:  470: printSegment:  11 
   DEBUG: 2026-03-13 17:58:04,702:      pdf_renderer.py:  470: printSegment: Safety 
   DEBUG: 2026-03-13 17:58:04,702:      pdf_renderer.py:  470: printSegment: &
   DEBUG: 2026-03-13 17:58:04,702:      pdf_renderer.py:  470: printSegment:  Confirmation Mechanisms
   DEBUG: 2026-03-13 17:58:04,703:      pdf_renderer.py:  470: printSegment:  12 
   DEBUG: 2026-03-13 17:58:04,703:      pdf_renderer.py:  470: printSegment: SEBI Compliance 
   DEBUG: 2026-03-13 17:58:04,703:      pdf_renderer.py:  470: printSegment: &
   DEBUG: 2026-03-13 17:58:04,704:      pdf_renderer.py:  470: printSegment:  Legal Considerations
   DEBUG: 2026-03-13 17:58:04,704:      pdf_renderer.py:  470: printSegment:  13 
   DEBUG: 2026-03-13 17:58:04,704:      pdf_renderer.py:  470: printSegment: Setup 
   DEBUG: 2026-03-13 17:58:04,705:      pdf_renderer.py:  470: printSegment: &
   DEBUG: 2026-03-13 17:58:04,705:      pdf_renderer.py:  470: printSegment:  Installation
   DEBUG: 2026-03-13 17:58:04,705:      pdf_renderer.py:  470: printSegment:  14 
   DEBUG: 2026-03-13 17:58:04,706:      pdf_renderer.py:  470: printSegment: Future Enhancements
   DEBUG: 2026-03-13 17:58:04,706:      pdf_renderer.py:  470: printSegment: 1. Project Overview
   DEBUG: 2026-03-13 17:58:04,707:      pdf_renderer.py:  470: printSegment: PanicSell
   DEBUG: 2026-03-13 17:58:04,707:      pdf_renderer.py:  470: printSegment:  is a personal-use web application that connects to a user
   DEBUG: 2026-03-13 17:58:04,708:      pdf_renderer.py:  470: printSegment: '
   DEBUG: 2026-03-13 17:58:04,717:      pdf_renderer.py:  470: printSegment: s Zerodha brokerage account via the Kite
   DEBUG: 2026-03-13 17:58:04,722:      pdf_renderer.py:  470: printSegment: Connect API. It provides a clean dashboard to view all equity holdings with real-time profit/loss data, and enables
   DEBUG: 2026-03-13 17:58:04,723:      pdf_renderer.py:  470: printSegment: rapid liquidation of stocks — either individually selected or the entire portfolio — with a single action.
   DEBUG: 2026-03-13 17:58:04,726:      pdf_renderer.py:  470: printSegment: The tool is designed for moments of market panic, where speed of execution matters and manually selling each
   DEBUG: 2026-03-13 17:58:04,727:      pdf_renderer.py:  470: printSegment: stock through a trading platform is too slow.
   DEBUG: 2026-03-13 17:58:04,727:      pdf_renderer.py:  470: printSegment: 2. Problem Statement 
   DEBUG: 2026-03-13 17:58:04,728:      pdf_renderer.py:  470: printSegment: &
   DEBUG: 2026-03-13 17:58:04,728:      pdf_renderer.py:  470: printSegment:  Motivation
   DEBUG: 2026-03-13 17:58:04,735:      pdf_renderer.py:  470: printSegment: During sharp market downturns, retail investors on platforms like Zerodha must sell each stock individually —
   DEBUG: 2026-03-13 17:58:04,736:      pdf_renderer.py:  470: printSegment: navigating to the stock, entering quantity, confirming the order. With a portfolio of 15–20 stocks, this can take several
   DEBUG: 2026-03-13 17:58:04,737:      pdf_renderer.py:  470: printSegment: minutes.
   DEBUG: 2026-03-13 17:58:04,737:      pdf_renderer.py:  470: printSegment: PanicSell solves this by providing:
   DEBUG: 2026-03-13 17:58:04,737:      pdf_renderer.py:  470: printSegment: l
   DEBUG: 2026-03-13 17:58:04,738:      pdf_renderer.py:  470: printSegment: Batch selling
   DEBUG: 2026-03-13 17:58:04,739:      pdf_renderer.py:  470: printSegment:  — select multiple stocks and sell them all at once
   DEBUG: 2026-03-13 17:58:04,739:      pdf_renderer.py:  470: printSegment: l
   DEBUG: 2026-03-13 17:58:04,740:      pdf_renderer.py:  470: printSegment: One-click full liquidation
   DEBUG: 2026-03-13 17:58:04,740:      pdf_renderer.py:  470: printSegment:  — a single 
   DEBUG: 2026-03-13 17:58:04,741:      pdf_renderer.py:  470: printSegment: "
   DEBUG: 2026-03-13 17:58:04,741:      pdf_renderer.py:  470: printSegment: Panic Sell All
   DEBUG: 2026-03-13 17:58:04,742:      pdf_renderer.py:  470: printSegment: "
   DEBUG: 2026-03-13 17:58:04,742:      pdf_renderer.py:  470: printSegment:  button to exit every position
   DEBUG: 2026-03-13 17:58:04,743:      pdf_renderer.py:  470: printSegment: l
   DEBUG: 2026-03-13 17:58:04,743:      pdf_renderer.py:  470: printSegment: Instant execution
   DEBUG: 2026-03-13 17:58:04,744:      pdf_renderer.py:  470: printSegment:  — market orders placed programmatically via API, no manual form-filling
   DEBUG: 2026-03-13 17:58:04,745:      pdf_renderer.py:  470: printSegment: 3. Architecture
   DEBUG: 2026-03-13 17:58:04,745:      pdf_renderer.py:  470: printSegment: The application follows a standard client-server architecture:
   DEBUG: 2026-03-13 17:58:04,746:      pdf_renderer.py:  470: printSegment: ┌──────────────────┐       ┌──────────────────┐       ┌──────────────────┐
   DEBUG: 2026-03-13 17:58:04,754:      pdf_renderer.py:  470: printSegment: │  React Frontend  │──────▶│  FastAPI Backend  │──────▶│  Zerodha Kite    │
   DEBUG: 2026-03-13 17:58:04,761:      pdf_renderer.py:  470: printSegment: │  localhost:5173  │  API  │  localhost:8000   │  SDK  │  api.kite.trade  │
   DEBUG: 2026-03-13 17:58:04,761:      pdf_renderer.py:  470: printSegment: └──────────────────┘       └──────────────────┘       └──────────────────┘
   DEBUG: 2026-03-13 17:58:04,762:      pdf_renderer.py:  470: printSegment: Vite proxies all 
   DEBUG: 2026-03-13 17:58:04,762:      pdf_renderer.py:  470: printSegment: /api/*
   DEBUG: 2026-03-13 17:58:04,762:      pdf_renderer.py:  470: printSegment:  requests from the frontend to the backend during development.
   DEBUG: 2026-03-13 17:58:04,763:      pdf_renderer.py:  470: printSegment: Data Flow
   DEBUG: 2026-03-13 17:58:04,763:      pdf_renderer.py:  470: printSegment:  1 
   DEBUG: 2026-03-13 17:58:04,763:      pdf_renderer.py:  470: printSegment: User opens the app in browser → frontend loads from Vite dev server
   DEBUG: 2026-03-13 17:58:04,770:      pdf_renderer.py:  470: printSegment:  2 
   DEBUG: 2026-03-13 17:58:04,770:      pdf_renderer.py:  470: printSegment: User clicks 
   DEBUG: 2026-03-13 17:58:04,770:      pdf_renderer.py:  470: printSegment: "
   DEBUG: 2026-03-13 17:58:04,771:      pdf_renderer.py:  470: printSegment: Connect Zerodha
   DEBUG: 2026-03-13 17:58:04,771:      pdf_renderer.py:  470: printSegment: "
   DEBUG: 2026-03-13 17:58:04,771:      pdf_renderer.py:  470: printSegment:  → redirected to Kite OAuth login page
   DEBUG: 2026-03-13 17:58:04,772:      pdf_renderer.py:  470: printSegment:  3 
   DEBUG: 2026-03-13 17:58:04,772:      pdf_renderer.py:  470: printSegment: After login, Kite redirects back to backend callback with a request token
   DEBUG: 2026-03-13 17:58:04,772:      pdf_renderer.py:  470: printSegment:  4 
   DEBUG: 2026-03-13 17:58:04,773:      pdf_renderer.py:  470: printSegment: Backend exchanges request token for access token (valid ~24 hours)
   DEBUG: 2026-03-13 17:58:04,773:      pdf_renderer.py:  470: printSegment:  5 
   DEBUG: 2026-03-13 17:58:04,774:      pdf_renderer.py:  470: printSegment: Frontend fetches holdings via backend → backend calls Kite API → returns processed data
   DEBUG: 2026-03-13 17:58:04,774:      pdf_renderer.py:  470: printSegment:  6 
   DEBUG: 2026-03-13 17:58:04,775:      pdf_renderer.py:  470: printSegment: User triggers sell → backend places market sell orders via Kite API → returns results
   DEBUG: 2026-03-13 17:58:04,776:      pdf_renderer.py:  470: printSegment: 4. Tech Stack
   DEBUG: 2026-03-13 17:58:04,776:      pdf_renderer.py:  470: printSegment: | Layer | Technology | Purpose |
   DEBUG: 2026-03-13 17:58:04,776:      pdf_renderer.py:  470: printSegment:  
   DEBUG: 2026-03-13 17:58:04,777:      pdf_renderer.py:  470: printSegment: |-------|-----------|---------|
   DEBUG: 2026-03-13 17:58:04,777:      pdf_renderer.py:  470: printSegment:  
   DEBUG: 2026-03-13 17:58:04,778:      pdf_renderer.py:  470: printSegment: | 
   DEBUG: 2026-03-13 17:58:04,778:      pdf_renderer.py:  470: printSegment: Backend
   DEBUG: 2026-03-13 17:58:04,779:      pdf_renderer.py:  470: printSegment:  | Python 3.12, FastAPI | REST API server with
   DEBUG: 2026-03-13 17:58:04,780:      pdf_renderer.py:  470: printSegment: async support, auto OpenAPI docs |
   DEBUG: 2026-03-13 17:58:04,780:      pdf_renderer.py:  470: printSegment:  
   DEBUG: 2026-03-13 17:58:04,780:      pdf_renderer.py:  470: printSegment: | 
   DEBUG: 2026-03-13 17:58:04,780:      pdf_renderer.py:  470: printSegment: Broker SDK
   DEBUG: 2026-03-13 17:58:04,781:      pdf_renderer.py:  470: printSegment:  | kiteconnect v5 | Official Zerodha Python SDK for OAuth,
   DEBUG: 2026-03-13 17:58:04,782:      pdf_renderer.py:  470: printSegment: holdings, orders |
   DEBUG: 2026-03-13 17:58:04,782:      pdf_renderer.py:  470: printSegment:  
   DEBUG: 2026-03-13 17:58:04,782:      pdf_renderer.py:  470: printSegment: | 
   DEBUG: 2026-03-13 17:58:04,783:      pdf_renderer.py:  470: printSegment: Config
   DEBUG: 2026-03-13 17:58:04,784:      pdf_renderer.py:  470: printSegment:  | pydantic-settings, python-dotenv | Type-safe environment variable management |
   DEBUG: 2026-03-13 17:58:04,784:      pdf_renderer.py:  470: printSegment:  
   DEBUG: 2026-03-13 17:58:04,785:      pdf_renderer.py:  470: printSegment: | 
   DEBUG: 2026-03-13 17:58:04,785:      pdf_renderer.py:  470: printSegment: Frontend
   DEBUG: 2026-03-13 17:58:04,786:      pdf_renderer.py:  470: printSegment:  | React 18, TypeScript | Component-based UI with type safety |
   DEBUG: 2026-03-13 17:58:04,786:      pdf_renderer.py:  470: printSegment:  
   DEBUG: 2026-03-13 17:58:04,786:      pdf_renderer.py:  470: printSegment: | 
   DEBUG: 2026-03-13 17:58:04,787:      pdf_renderer.py:  470: printSegment: Build Tool
   DEBUG: 2026-03-13 17:58:04,787:      pdf_renderer.py:  470: printSegment:  | Vite | Fast HMR dev server
   DEBUG: 2026-03-13 17:58:04,788:      pdf_renderer.py:  470: printSegment: with API proxy to backend |
   DEBUG: 2026-03-13 17:58:04,788:      pdf_renderer.py:  470: printSegment:  
   DEBUG: 2026-03-13 17:58:04,788:      pdf_renderer.py:  470: printSegment: | 
   DEBUG: 2026-03-13 17:58:04,789:      pdf_renderer.py:  470: printSegment: Styling
   DEBUG: 2026-03-13 17:58:04,789:      pdf_renderer.py:  470: printSegment:  | Tailwind CSS | Utility-first CSS for rapid, consistent UI design |
   DEBUG: 2026-03-13 17:58:04,790:      pdf_renderer.py:  470: printSegment:  
   DEBUG: 2026-03-13 17:58:04,790:      pdf_renderer.py:  470: printSegment: | 
   DEBUG: 2026-03-13 17:58:04,790:      pdf_renderer.py:  470: printSegment: Database
   DEBUG: 2026-03-13 17:58:04,792:      pdf_renderer.py:  470: printSegment:  |
   DEBUG: 2026-03-13 17:58:04,793:      pdf_renderer.py:  470: printSegment: None (v1) | All data fetched live from Kite API; no persistence needed |
   DEBUG: 2026-03-13 17:58:04,794:      pdf_renderer.py:  470: printSegment: 5. Project Structure
   DEBUG: 2026-03-13 17:58:04,794:      pdf_renderer.py:  470: printSegment: panicsell/
   DEBUG: 2026-03-13 17:58:04,794:      pdf_renderer.py:  470: printSegment: ├── backend/
   DEBUG: 2026-03-13 17:58:04,795:      pdf_renderer.py:  470: printSegment: │   ├── app/
   DEBUG: 2026-03-13 17:58:04,795:      pdf_renderer.py:  470: printSegment: │   │   ├── main.py              — FastAPI app, CORS, router registration
   DEBUG: 2026-03-13 17:58:04,796:      pdf_renderer.py:  470: printSegment: │   │   ├── config.py            — Settings from .env via pydantic-settings
   DEBUG: 2026-03-13 17:58:04,796:      pdf_renderer.py:  470: printSegment: │   │   ├── routers/
   DEBUG: 2026-03-13 17:58:04,797:      pdf_renderer.py:  470: printSegment: │   │   │   ├── auth.py          — Kite OAuth login, callback, status, logout
   DEBUG: 2026-03-13 17:58:04,797:      pdf_renderer.py:  470: printSegment: │   │   │   ├── portfolio.py     — GET /holdings with P&L calculations
   DEBUG: 2026-03-13 17:58:04,798:      pdf_renderer.py:  470: printSegment: │   │   │   └── orders.py        — POST /panic-sell for batch market sell
   DEBUG: 2026-03-13 17:58:04,798:      pdf_renderer.py:  470: printSegment: │   │   └── services/
   DEBUG: 2026-03-13 17:58:04,799:      pdf_renderer.py:  470: printSegment: │   │       └── kite_service.py  — Singleton wrapper around Kite Connect
   DEBUG: 2026-03-13 17:58:04,800:      pdf_renderer.py:  470: printSegment: SDK
   DEBUG: 2026-03-13 17:58:04,800:      pdf_renderer.py:  470: printSegment: │   ├── requirements.txt
   DEBUG: 2026-03-13 17:58:04,801:      pdf_renderer.py:  470: printSegment: │   ├── .env.example
   DEBUG: 2026-03-13 17:58:04,801:      pdf_renderer.py:  470: printSegment: │   └── .env                     — (git-ignored) API credentials
   DEBUG: 2026-03-13 17:58:04,802:      pdf_renderer.py:  470: printSegment: ├── frontend/
   DEBUG: 2026-03-13 17:58:04,802:      pdf_renderer.py:  470: printSegment: │   ├── src/
   DEBUG: 2026-03-13 17:58:04,803:      pdf_renderer.py:  470: printSegment: │   │   ├── App.tsx              — Root component, state management
   DEBUG: 2026-03-13 17:58:04,803:      pdf_renderer.py:  470: printSegment: │   │   ├── components/
   DEBUG: 2026-03-13 17:58:04,804:      pdf_renderer.py:  470: printSegment: │   │   │   ├── Header.tsx               — Nav bar with connection status
   DEBUG: 2026-03-13 17:58:04,804:      pdf_renderer.py:  470: printSegment: │   │   │   ├── PortfolioSummaryBar.tsx  — Summary cards
   DEBUG: 2026-03-13 17:58:04,805:      pdf_renderer.py:  470: printSegment: │   │   │   ├── HoldingsTable.tsx        — Stock table with checkboxes
   DEBUG: 2026-03-13 17:58:04,805:      pdf_renderer.py:  470: printSegment: │   │   │   ├── ConfirmModal.tsx         — Confirmation dialogs
   DEBUG: 2026-03-13 17:58:04,806:      pdf_renderer.py:  470: printSegment: │   │   │   └── OrderResults.tsx         — Sell results display
   DEBUG: 2026-03-13 17:58:04,806:      pdf_renderer.py:  470: printSegment: │   │   ├── hooks/
   DEBUG: 2026-03-13 17:58:04,807:      pdf_renderer.py:  470: printSegment: │   │   │   ├── useAuth.ts       — Zerodha connection state
   DEBUG: 2026-03-13 17:58:04,808:      pdf_renderer.py:  470: printSegment: │   │   │   ├── usePortfolio.ts  — Holdings data fetching
   DEBUG: 2026-03-13 17:58:04,808:      pdf_renderer.py:  470: printSegment: │   │   │   └── usePanicSell.ts  — Sell execution logic
   DEBUG: 2026-03-13 17:58:04,809:      pdf_renderer.py:  470: printSegment: │   │   └── types/
   DEBUG: 2026-03-13 17:58:04,809:      pdf_renderer.py:  470: printSegment: │   │       └── index.ts         — TypeScript interfaces
   DEBUG: 2026-03-13 17:58:04,809:      pdf_renderer.py:  470: printSegment: │   ├── index.html
   DEBUG: 2026-03-13 17:58:04,810:      pdf_renderer.py:  470: printSegment: │   ├── vite.config.ts
   DEBUG: 2026-03-13 17:58:04,810:      pdf_renderer.py:  470: printSegment: │   └── tailwind.config.js
   DEBUG: 2026-03-13 17:58:04,810:      pdf_renderer.py:  470: printSegment: └── README.md
   DEBUG: 2026-03-13 17:58:04,811:      pdf_renderer.py:  470: printSegment: 6. Zerodha Kite Connect API Integration
   DEBUG: 2026-03-13 17:58:04,811:      pdf_renderer.py:  470: printSegment: What is Kite Connect?
   DEBUG: 2026-03-13 17:58:04,812:      pdf_renderer.py:  470: printSegment: Kite Connect is Zerodha
   DEBUG: 2026-03-13 17:58:04,812:      pdf_renderer.py:  470: printSegment: '
   DEBUG: 2026-03-13 17:58:04,815:      pdf_renderer.py:  470: printSegment: s official REST API platform that allows developers to build trading applications. It
   DEBUG: 2026-03-13 17:58:04,816:      pdf_renderer.py:  470: printSegment: provides endpoints for authentication, portfolio data, order placement, market data, and more.
   DEBUG: 2026-03-13 17:58:04,816:      pdf_renderer.py:  470: printSegment: API Endpoints Used
   DEBUG: 2026-03-13 17:58:04,817:      pdf_renderer.py:  470: printSegment: | SDK Method | HTTP Method | What It Does |
   DEBUG: 2026-03-13 17:58:04,817:      pdf_renderer.py:  470: printSegment:  
   DEBUG: 2026-03-13 17:58:04,817:      pdf_renderer.py:  470: printSegment: |-----------|------------|--------------|
   DEBUG: 2026-03-13 17:58:04,818:      pdf_renderer.py:  470: printSegment:  
   DEBUG: 2026-03-13 17:58:04,818:      pdf_renderer.py:  470: printSegment: | 
   DEBUG: 2026-03-13 17:58:04,818:      pdf_renderer.py:  470: printSegment: kite.login_url()
   DEBUG: 2026-03-13 17:58:04,819:      pdf_renderer.py:  470: printSegment:  | — |
   DEBUG: 2026-03-13 17:58:04,819:      pdf_renderer.py:  470: printSegment: Generates Zerodha OAuth login URL |
   DEBUG: 2026-03-13 17:58:04,819:      pdf_renderer.py:  470: printSegment:  
   DEBUG: 2026-03-13 17:58:04,820:      pdf_renderer.py:  470: printSegment: | 
   DEBUG: 2026-03-13 17:58:04,820:      pdf_renderer.py:  470: printSegment: kite.generate_session()
   DEBUG: 2026-03-13 17:58:04,821:      pdf_renderer.py:  470: printSegment:  | POST | Exchanges request token for
   DEBUG: 2026-03-13 17:58:04,821:      pdf_renderer.py:  470: printSegment: access token |
   DEBUG: 2026-03-13 17:58:04,821:      pdf_renderer.py:  470: printSegment:  
   DEBUG: 2026-03-13 17:58:04,822:      pdf_renderer.py:  470: printSegment: | 
   DEBUG: 2026-03-13 17:58:04,822:      pdf_renderer.py:  470: printSegment: kite.holdings()
   DEBUG: 2026-03-13 17:58:04,822:      pdf_renderer.py:  470: printSegment:  | GET | Fetches all delivery equity holdings |
   DEBUG: 2026-03-13 17:58:04,823:      pdf_renderer.py:  470: printSegment:  
   DEBUG: 2026-03-13 17:58:04,823:      pdf_renderer.py:  470: printSegment: | 
   DEBUG: 2026-03-13 17:58:04,824:      pdf_renderer.py:  470: printSegment: kite.profile()
   DEBUG: 2026-03-13 17:58:04,824:      pdf_renderer.py:  470: printSegment:  | GET |
   DEBUG: 2026-03-13 17:58:04,825:      pdf_renderer.py:  470: printSegment: Gets user profile (name, ID) |
   DEBUG: 2026-03-13 17:58:04,825:      pdf_renderer.py:  470: printSegment:  
   DEBUG: 2026-03-13 17:58:04,825:      pdf_renderer.py:  470: printSegment: | 
   DEBUG: 2026-03-13 17:58:04,826:      pdf_renderer.py:  470: printSegment: kite.place_order()
   DEBUG: 2026-03-13 17:58:04,826:      pdf_renderer.py:  470: printSegment:  | POST | Places a market sell order |
   DEBUG: 2026-03-13 17:58:04,827:      pdf_renderer.py:  470: printSegment:  
   DEBUG: 2026-03-13 17:58:04,827:      pdf_renderer.py:  470: printSegment: | 
   DEBUG: 2026-03-13 17:58:04,827:      pdf_renderer.py:  470: printSegment: kite.invalidate_access_token()
   DEBUG: 2026-03-13 17:58:04,828:      pdf_renderer.py:  470: printSegment:  | DELETE | Logs out / invalidates session |
   DEBUG: 2026-03-13 17:58:04,828:      pdf_renderer.py:  470: printSegment: API Pricing
   DEBUG: 2026-03-13 17:58:04,829:      pdf_renderer.py:  470: printSegment: | Plan | Cost | Includes |
   DEBUG: 2026-03-13 17:58:04,829:      pdf_renderer.py:  470: printSegment:  
   DEBUG: 2026-03-13 17:58:04,829:      pdf_renderer.py:  470: printSegment: |------|------|----------|
   DEBUG: 2026-03-13 17:58:04,830:      pdf_renderer.py:  470: printSegment:  
   DEBUG: 2026-03-13 17:58:04,830:      pdf_renderer.py:  470: printSegment: | 
   DEBUG: 2026-03-13 17:58:04,830:      pdf_renderer.py:  470: printSegment: Personal (Free)
   DEBUG: 2026-03-13 17:58:04,831:      pdf_renderer.py:  470: printSegment:  | ₹0/month | Order management, portfolio, GTT, alerts —
   DEBUG: 2026-03-13 17:58:04,832:      pdf_renderer.py:  470: printSegment: sufficient for PanicSell |
   DEBUG: 2026-03-13 17:58:04,832:      pdf_renderer.py:  470: printSegment:  
   DEBUG: 2026-03-13 17:58:04,833:      pdf_renderer.py:  470: printSegment: | Connect | ₹500/month | Adds live WebSocket streaming, historical candle data |
   DEBUG: 2026-03-13 17:58:04,834:      pdf_renderer.py:  470: printSegment: 7. Authentication Flow
   DEBUG: 2026-03-13 17:58:04,834:      pdf_renderer.py:  470: printSegment: OAuth Login Sequence
   DEBUG: 2026-03-13 17:58:04,834:      pdf_renderer.py:  470: printSegment: | Step | Description |
   DEBUG: 2026-03-13 17:58:04,835:      pdf_renderer.py:  470: printSegment:  
   DEBUG: 2026-03-13 17:58:04,835:      pdf_renderer.py:  470: printSegment: |------|------------|
   DEBUG: 2026-03-13 17:58:04,836:      pdf_renderer.py:  470: printSegment:  
   DEBUG: 2026-03-13 17:58:04,836:      pdf_renderer.py:  470: printSegment: | 
   DEBUG: 2026-03-13 17:58:04,836:      pdf_renderer.py:  470: printSegment: Step 1
   DEBUG: 2026-03-13 17:58:04,837:      pdf_renderer.py:  470: printSegment:  | User clicks 
   DEBUG: 2026-03-13 17:58:04,837:      pdf_renderer.py:  470: printSegment: "
   DEBUG: 2026-03-13 17:58:04,837:      pdf_renderer.py:  470: printSegment: Connect Zerodha
   DEBUG: 2026-03-13 17:58:04,838:      pdf_renderer.py:  470: printSegment: "
   DEBUG: 2026-03-13 17:58:04,838:      pdf_renderer.py:  470: printSegment:  in the frontend |
   DEBUG: 2026-03-13 17:58:04,838:      pdf_renderer.py:  470: printSegment:  
   DEBUG: 2026-03-13 17:58:04,839:      pdf_renderer.py:  470: printSegment: | 
   DEBUG: 2026-03-13 17:58:04,839:      pdf_renderer.py:  470: printSegment: Step 2
   DEBUG: 2026-03-13 17:58:04,840:      pdf_renderer.py:  470: printSegment:  | Frontend
   DEBUG: 2026-03-13 17:58:04,840:      pdf_renderer.py:  470: printSegment: navigates to 
   DEBUG: 2026-03-13 17:58:04,840:      pdf_renderer.py:  470: printSegment: /api/auth/login
   DEBUG: 2026-03-13 17:58:04,841:      pdf_renderer.py:  470: printSegment:  → backend redirects to Kite login page |
   DEBUG: 2026-03-13 17:58:04,841:      pdf_renderer.py:  470: printSegment:  
   DEBUG: 2026-03-13 17:58:04,842:      pdf_renderer.py:  470: printSegment: | 
   DEBUG: 2026-03-13 17:58:04,842:      pdf_renderer.py:  470: printSegment: Step 3
   DEBUG: 2026-03-13 17:58:04,843:      pdf_renderer.py:  470: printSegment:  | User enters Zerodha ID +
   DEBUG: 2026-03-13 17:58:04,844:      pdf_renderer.py:  470: printSegment: Password + TOTP on Kite
   DEBUG: 2026-03-13 17:58:04,844:      pdf_renderer.py:  470: printSegment: '
   DEBUG: 2026-03-13 17:58:04,845:      pdf_renderer.py:  470: printSegment: s login page |
   DEBUG: 2026-03-13 17:58:04,845:      pdf_renderer.py:  470: printSegment:  
   DEBUG: 2026-03-13 17:58:04,845:      pdf_renderer.py:  470: printSegment: | 
   DEBUG: 2026-03-13 17:58:04,846:      pdf_renderer.py:  470: printSegment: Step 4
   DEBUG: 2026-03-13 17:58:04,846:      pdf_renderer.py:  470: printSegment:  | Kite redirects to 
   DEBUG: 2026-03-13 17:58:04,847:      pdf_renderer.py:  470: printSegment: /api/auth/callback?request_token=xxx&status=success
   DEBUG: 2026-03-13 17:58:04,847:      pdf_renderer.py:  470: printSegment:  |
   DEBUG: 2026-03-13 17:58:04,848:      pdf_renderer.py:  470: printSegment:  
   DEBUG: 2026-03-13 17:58:04,848:      pdf_renderer.py:  470: printSegment: | 
   DEBUG: 2026-03-13 17:58:04,848:      pdf_renderer.py:  470: printSegment: Step 5
   DEBUG: 2026-03-13 17:58:04,849:      pdf_renderer.py:  470: printSegment:  | Backend calls 
   DEBUG: 2026-03-13 17:58:04,849:      pdf_renderer.py:  470: printSegment: generate_session()
   DEBUG: 2026-03-13 17:58:04,850:      pdf_renderer.py:  470: printSegment:  to exchange request token → access token |
   DEBUG: 2026-03-13 17:58:04,851:      pdf_renderer.py:  470: printSegment:  
   DEBUG: 2026-03-13 17:58:04,851:      pdf_renderer.py:  470: printSegment: | 
   DEBUG: 2026-03-13 17:58:04,851:      pdf_renderer.py:  470: printSegment: Step 6
   DEBUG: 2026-03-13 17:58:04,853:      pdf_renderer.py:  470: printSegment:  | Backend stores access token in
   DEBUG: 2026-03-13 17:58:04,853:      pdf_renderer.py:  470: printSegment: memory, redirects user to frontend with 
   DEBUG: 2026-03-13 17:58:04,854:      pdf_renderer.py:  470: printSegment: ?connected=true
   DEBUG: 2026-03-13 17:58:04,854:      pdf_renderer.py:  470: printSegment:  |
   DEBUG: 2026-03-13 17:58:04,855:      pdf_renderer.py:  470: printSegment:  
   DEBUG: 2026-03-13 17:58:04,855:      pdf_renderer.py:  470: printSegment: | 
   DEBUG: 2026-03-13 17:58:04,855:      pdf_renderer.py:  470: printSegment: Done
   DEBUG: 2026-03-13 17:58:04,857:      pdf_renderer.py:  470: printSegment:  | Access token valid for ~24 hours. No
   DEBUG: 2026-03-13 17:58:04,857:      pdf_renderer.py:  470: printSegment: TOTP needed for subsequent API calls. |
   DEBUG: 2026-03-13 17:58:04,858:      pdf_renderer.py:  470: printSegment: Key Detail: TOTP is Only Needed at Login
   DEBUG: 2026-03-13 17:58:04,865:      pdf_renderer.py:  470: printSegment: The TOTP (Time-based One-Time Password) from Google Authenticator is required only during the OAuth login
   DEBUG: 2026-03-13 17:58:04,867:      pdf_renderer.py:  470: printSegment: step. Once the access token is obtained, all API calls (fetching holdings, placing orders) work without any additional
   DEBUG: 2026-03-13 17:58:04,868:      pdf_renderer.py:  470: printSegment: authentication until the token expires.
   DEBUG: 2026-03-13 17:58:04,868:      pdf_renderer.py:  470: printSegment: Daily Login Required
   DEBUG: 2026-03-13 17:58:04,873:      pdf_renderer.py:  470: printSegment: Access tokens are invalidated by Zerodha between 6:00–8:30 AM daily. Per SEBI exchange regulations, users must
   DEBUG: 2026-03-13 17:58:04,873:      pdf_renderer.py:  470: printSegment: log in manually once per day. There is no refresh token mechanism available for standard API users.
   DEBUG: 2026-03-13 17:58:04,874:      pdf_renderer.py:  470: printSegment: 8. Core Features
   DEBUG: 2026-03-13 17:58:04,874:      pdf_renderer.py:  470: printSegment: 8.1 Portfolio Dashboard
   DEBUG: 2026-03-13 17:58:04,874:      pdf_renderer.py:  470: printSegment: l
   DEBUG: 2026-03-13 17:58:04,875:      pdf_renderer.py:  470: printSegment: Displays all delivery equity holdings fetched from Zerodha
   DEBUG: 2026-03-13 17:58:04,876:      pdf_renderer.py:  470: printSegment: l
   DEBUG: 2026-03-13 17:58:04,876:      pdf_renderer.py:  470: printSegment: Summary cards: Total Invested, Current Value, Total P
   DEBUG: 2026-03-13 17:58:04,876:      pdf_renderer.py:  470: printSegment: &
   DEBUG: 2026-03-13 17:58:04,877:      pdf_renderer.py:  470: printSegment: L (with %), Stock Count
   DEBUG: 2026-03-13 17:58:04,877:      pdf_renderer.py:  470: printSegment: l
   DEBUG: 2026-03-13 17:58:04,878:      pdf_renderer.py:  470: printSegment: Holdings table with columns: Stock, Qty, Avg Price, LTP, P
   DEBUG: 2026-03-13 17:58:04,878:      pdf_renderer.py:  470: printSegment: &
   DEBUG: 2026-03-13 17:58:04,878:      pdf_renderer.py:  470: printSegment: L, P
   DEBUG: 2026-03-13 17:58:04,878:      pdf_renderer.py:  470: printSegment: &
   DEBUG: 2026-03-13 17:58:04,879:      pdf_renderer.py:  470: printSegment: L %, Day Change
   DEBUG: 2026-03-13 17:58:04,879:      pdf_renderer.py:  470: printSegment: l
   DEBUG: 2026-03-13 17:58:04,879:      pdf_renderer.py:  470: printSegment: Color-coded profit (green) and loss (red) indicators
   DEBUG: 2026-03-13 17:58:04,880:      pdf_renderer.py:  470: printSegment: l
   DEBUG: 2026-03-13 17:58:04,880:      pdf_renderer.py:  470: printSegment: Manual refresh button to re-fetch latest data
   DEBUG: 2026-03-13 17:58:04,880:      pdf_renderer.py:  470: printSegment: 8.2 Sell Selected
   DEBUG: 2026-03-13 17:58:04,881:      pdf_renderer.py:  470: printSegment: l
   DEBUG: 2026-03-13 17:58:04,881:      pdf_renderer.py:  470: printSegment: Each stock row has a checkbox for individual selection
   DEBUG: 2026-03-13 17:58:04,881:      pdf_renderer.py:  470: printSegment: l
   DEBUG: 2026-03-13 17:58:04,882:      pdf_renderer.py:  470: printSegment: "
   DEBUG: 2026-03-13 17:58:04,882:      pdf_renderer.py:  470: printSegment: Select All / Deselect All
   DEBUG: 2026-03-13 17:58:04,882:      pdf_renderer.py:  470: printSegment: "
   DEBUG: 2026-03-13 17:58:04,883:      pdf_renderer.py:  470: printSegment:  toggle via header checkbox (with indeterminate state)
   DEBUG: 2026-03-13 17:58:04,883:      pdf_renderer.py:  470: printSegment: l
   DEBUG: 2026-03-13 17:58:04,883:      pdf_renderer.py:  470: printSegment: Clicking a row toggles its selection
   DEBUG: 2026-03-13 17:58:04,883:      pdf_renderer.py:  470: printSegment: l
   DEBUG: 2026-03-13 17:58:04,884:      pdf_renderer.py:  470: printSegment: "
   DEBUG: 2026-03-13 17:58:04,884:      pdf_renderer.py:  470: printSegment: Sell Selected (N)
   DEBUG: 2026-03-13 17:58:04,884:      pdf_renderer.py:  470: printSegment: "
   DEBUG: 2026-03-13 17:58:04,885:      pdf_renderer.py:  470: printSegment:  button — shows count of selected stocks
   DEBUG: 2026-03-13 17:58:04,885:      pdf_renderer.py:  470: printSegment: l
   DEBUG: 2026-03-13 17:58:04,886:      pdf_renderer.py:  470: printSegment: Confirmation modal displays the list of selected stocks with quantities and estimated values
   DEBUG: 2026-03-13 17:58:04,886:      pdf_renderer.py:  470: printSegment: l
   DEBUG: 2026-03-13 17:58:04,887:      pdf_renderer.py:  470: printSegment: On confirm, places market sell orders for each selected stock
   DEBUG: 2026-03-13 17:58:04,887:      pdf_renderer.py:  470: printSegment: 8.3 Panic Sell All
   DEBUG: 2026-03-13 17:58:04,887:      pdf_renderer.py:  470: printSegment: l
   DEBUG: 2026-03-13 17:58:04,888:      pdf_renderer.py:  470: printSegment: Large red button with subtle pulse animation, always visible below the holdings table
   DEBUG: 2026-03-13 17:58:04,888:      pdf_renderer.py:  470: printSegment: l
   DEBUG: 2026-03-13 17:58:04,889:      pdf_renderer.py:  470: printSegment: No stock selection needed — sells the entire portfolio
   DEBUG: 2026-03-13 17:58:04,889:      pdf_renderer.py:  470: printSegment: l
   DEBUG: 2026-03-13 17:58:04,889:      pdf_renderer.py:  470: printSegment: Confirmation modal requires typing 
   DEBUG: 2026-03-13 17:58:04,890:      pdf_renderer.py:  470: printSegment: "
   DEBUG: 2026-03-13 17:58:04,890:      pdf_renderer.py:  470: printSegment: SELL ALL
   DEBUG: 2026-03-13 17:58:04,890:      pdf_renderer.py:  470: printSegment: "
   DEBUG: 2026-03-13 17:58:04,891:      pdf_renderer.py:  470: printSegment:  to proceed (typed confirmation gate)
   DEBUG: 2026-03-13 17:58:04,891:      pdf_renderer.py:  470: printSegment: l
   DEBUG: 2026-03-13 17:58:04,892:      pdf_renderer.py:  470: printSegment: Shows all holdings that will be sold with total estimated liquidation value
   DEBUG: 2026-03-13 17:58:04,892:      pdf_renderer.py:  470: printSegment: l
   DEBUG: 2026-03-13 17:58:04,893:      pdf_renderer.py:  470: printSegment: On confirm, places market sell orders for every holding with quantity > 0
   DEBUG: 2026-03-13 17:58:04,893:      pdf_renderer.py:  470: printSegment: 8.4 Order Results
   DEBUG: 2026-03-13 17:58:04,894:      pdf_renderer.py:  470: printSegment: l
   DEBUG: 2026-03-13 17:58:04,894:      pdf_renderer.py:  470: printSegment: After sell execution, a results modal displays the outcome of each order
   DEBUG: 2026-03-13 17:58:04,895:      pdf_renderer.py:  470: printSegment: l
   DEBUG: 2026-03-13 17:58:04,895:      pdf_renderer.py:  470: printSegment: Per-stock status: success (with order ID) or failed (with error message)
   DEBUG: 2026-03-13 17:58:04,896:      pdf_renderer.py:  470: printSegment: l
   DEBUG: 2026-03-13 17:58:04,896:      pdf_renderer.py:  470: printSegment: Summary counts: total orders, successful, failed
   DEBUG: 2026-03-13 17:58:04,896:      pdf_renderer.py:  470: printSegment: l
   DEBUG: 2026-03-13 17:58:04,897:      pdf_renderer.py:  470: printSegment: Portfolio auto-refreshes after orders complete
   DEBUG: 2026-03-13 17:58:04,898:      pdf_renderer.py:  470: printSegment: 9. Backend — API Design
   DEBUG: 2026-03-13 17:58:04,898:      pdf_renderer.py:  470: printSegment: API Endpoints
   DEBUG: 2026-03-13 17:58:04,899:      pdf_renderer.py:  470: printSegment: | Method | Path | Description |
   DEBUG: 2026-03-13 17:58:04,899:      pdf_renderer.py:  470: printSegment:  
   DEBUG: 2026-03-13 17:58:04,899:      pdf_renderer.py:  470: printSegment: |--------|------|-------------|
   DEBUG: 2026-03-13 17:58:04,900:      pdf_renderer.py:  470: printSegment:  
   DEBUG: 2026-03-13 17:58:04,900:      pdf_renderer.py:  470: printSegment: | GET | 
   DEBUG: 2026-03-13 17:58:04,901:      pdf_renderer.py:  470: printSegment: /api/auth/login
   DEBUG: 2026-03-13 17:58:04,901:      pdf_renderer.py:  470: printSegment:  | Redirects to Zerodha Kite
   DEBUG: 2026-03-13 17:58:04,902:      pdf_renderer.py:  470: printSegment: OAuth login |
   DEBUG: 2026-03-13 17:58:04,902:      pdf_renderer.py:  470: printSegment:  
   DEBUG: 2026-03-13 17:58:04,902:      pdf_renderer.py:  470: printSegment: | GET | 
   DEBUG: 2026-03-13 17:58:04,903:      pdf_renderer.py:  470: printSegment: /api/auth/callback
   DEBUG: 2026-03-13 17:58:04,903:      pdf_renderer.py:  470: printSegment:  | OAuth callback — exchanges token, redirects to frontend |
   DEBUG: 2026-03-13 17:58:04,904:      pdf_renderer.py:  470: printSegment:  
   DEBUG: 2026-03-13 17:58:04,904:      pdf_renderer.py:  470: printSegment: | GET | 
   DEBUG: 2026-03-13 17:58:04,904:      pdf_renderer.py:  470: printSegment: /api/auth/status
   DEBUG: 2026-03-13 17:58:04,905:      pdf_renderer.py:  470: printSegment:  | Returns connection status and user info |
   DEBUG: 2026-03-13 17:58:04,905:      pdf_renderer.py:  470: printSegment:  
   DEBUG: 2026-03-13 17:58:04,906:      pdf_renderer.py:  470: printSegment: | POST | 
   DEBUG: 2026-03-13 17:58:04,906:      pdf_renderer.py:  470: printSegment: /api/auth/logout
   DEBUG: 2026-03-13 17:58:04,907:      pdf_renderer.py:  470: printSegment:  | Invalidates
   DEBUG: 2026-03-13 17:58:04,907:      pdf_renderer.py:  470: printSegment: access token |
   DEBUG: 2026-03-13 17:58:04,907:      pdf_renderer.py:  470: printSegment:  
   DEBUG: 2026-03-13 17:58:04,908:      pdf_renderer.py:  470: printSegment: | GET | 
   DEBUG: 2026-03-13 17:58:04,908:      pdf_renderer.py:  470: printSegment: /api/portfolio/holdings
   DEBUG: 2026-03-13 17:58:04,909:      pdf_renderer.py:  470: printSegment:  | Returns holdings with computed P
   DEBUG: 2026-03-13 17:58:04,910:      pdf_renderer.py:  470: printSegment: &
   DEBUG: 2026-03-13 17:58:04,910:      pdf_renderer.py:  470: printSegment: L and summary |
   DEBUG: 2026-03-13 17:58:04,911:      pdf_renderer.py:  470: printSegment:  
   DEBUG: 2026-03-13 17:58:04,911:      pdf_renderer.py:  470: printSegment: |
   DEBUG: 2026-03-13 17:58:04,911:      pdf_renderer.py:  470: printSegment: POST | 
   DEBUG: 2026-03-13 17:58:04,912:      pdf_renderer.py:  470: printSegment: /api/orders/panic-sell
   DEBUG: 2026-03-13 17:58:04,912:      pdf_renderer.py:  470: printSegment:  | Batch sell — accepts optional symbol list |
   DEBUG: 2026-03-13 17:58:04,913:      pdf_renderer.py:  470: printSegment:  
   DEBUG: 2026-03-13 17:58:04,913:      pdf_renderer.py:  470: printSegment: | GET | 
   DEBUG: 2026-03-13 17:58:04,914:      pdf_renderer.py:  470: printSegment: /api/health
   DEBUG: 2026-03-13 17:58:04,914:      pdf_renderer.py:  470: printSegment:  | Health
   DEBUG: 2026-03-13 17:58:04,915:      pdf_renderer.py:  470: printSegment: check |
   DEBUG: 2026-03-13 17:58:04,915:      pdf_renderer.py:  470: printSegment: Panic Sell Endpoint — Request/Response
   DEBUG: 2026-03-13 17:58:04,916:      pdf_renderer.py:  470: printSegment: Request Body:
   DEBUG: 2026-03-13 17:58:04,916:      pdf_renderer.py:  470: printSegment: {
   DEBUG: 2026-03-13 17:58:04,917:      pdf_renderer.py:  470: printSegment:   "symbols": ["RELIANCE", "TCS"]   // or null to sell ALL
   DEBUG: 2026-03-13 17:58:04,917:      pdf_renderer.py:  470: printSegment: }
   DEBUG: 2026-03-13 17:58:04,918:      pdf_renderer.py:  470: printSegment: Response:
   DEBUG: 2026-03-13 17:58:04,918:      pdf_renderer.py:  470: printSegment: {
   DEBUG: 2026-03-13 17:58:04,918:      pdf_renderer.py:  470: printSegment:   "results": [
   DEBUG: 2026-03-13 17:58:04,919:      pdf_renderer.py:  470: printSegment:     {
   DEBUG: 2026-03-13 17:58:04,919:      pdf_renderer.py:  470: printSegment:       "tradingsymbol": "RELIANCE",
   DEBUG: 2026-03-13 17:58:04,919:      pdf_renderer.py:  470: printSegment:       "quantity": 10,
   DEBUG: 2026-03-13 17:58:04,920:      pdf_renderer.py:  470: printSegment:       "order_id": "220312000123456",
   DEBUG: 2026-03-13 17:58:04,920:      pdf_renderer.py:  470: printSegment:       "status": "success",
   DEBUG: 2026-03-13 17:58:04,920:      pdf_renderer.py:  470: printSegment:       "error": null
   DEBUG: 2026-03-13 17:58:04,921:      pdf_renderer.py:  470: printSegment:     }
   DEBUG: 2026-03-13 17:58:04,921:      pdf_renderer.py:  470: printSegment:   ],
   DEBUG: 2026-03-13 17:58:04,921:      pdf_renderer.py:  470: printSegment:   "summary": {
   DEBUG: 2026-03-13 17:58:04,921:      pdf_renderer.py:  470: printSegment:     "total": 2,
   DEBUG: 2026-03-13 17:58:04,922:      pdf_renderer.py:  470: printSegment:     "success": 2,
   DEBUG: 2026-03-13 17:58:04,922:      pdf_renderer.py:  470: printSegment:     "failed": 0
   DEBUG: 2026-03-13 17:58:04,922:      pdf_renderer.py:  470: printSegment:   }
   DEBUG: 2026-03-13 17:58:04,923:      pdf_renderer.py:  470: printSegment: }
   DEBUG: 2026-03-13 17:58:04,923:      pdf_renderer.py:  470: printSegment: KiteService — Core Backend Service
   DEBUG: 2026-03-13 17:58:04,923:      pdf_renderer.py:  470: printSegment: The 
   DEBUG: 2026-03-13 17:58:04,924:      pdf_renderer.py:  470: printSegment: KiteService
   DEBUG: 2026-03-13 17:58:04,924:      pdf_renderer.py:  470: printSegment:  class is a singleton wrapper around the official 
   DEBUG: 2026-03-13 17:58:04,925:      pdf_renderer.py:  470: printSegment: kiteconnect
   DEBUG: 2026-03-13 17:58:04,926:      pdf_renderer.py:  470: printSegment:  Python SDK. It manages the
   DEBUG: 2026-03-13 17:58:04,926:      pdf_renderer.py:  470: printSegment: Kite session lifecycle and provides clean methods for the routers:
   DEBUG: 2026-03-13 17:58:04,927:      pdf_renderer.py:  470: printSegment: class KiteService:
   DEBUG: 2026-03-13 17:58:04,927:      pdf_renderer.py:  470: printSegment:     def generate_session(self, request_token: str) -> dict
   DEBUG: 2026-03-13 17:58:04,928:      pdf_renderer.py:  470: printSegment:     def get_holdings(self) -> list[dict]
   DEBUG: 2026-03-13 17:58:04,929:      pdf_renderer.py:  470: printSegment:     def place_sell_order(self, tradingsymbol, exchange, quantity,
   DEBUG: 2026-03-13 17:58:04,929:      pdf_renderer.py:  470: printSegment: product) -> str
   DEBUG: 2026-03-13 17:58:04,929:      pdf_renderer.py:  470: printSegment:     def get_profile(self) -> dict
   DEBUG: 2026-03-13 17:58:04,930:      pdf_renderer.py:  470: printSegment:     def logout(self)
   DEBUG: 2026-03-13 17:58:04,930:      pdf_renderer.py:  470: printSegment: 10. Frontend — Component Architecture
   DEBUG: 2026-03-13 17:58:04,931:      pdf_renderer.py:  470: printSegment: Components
   DEBUG: 2026-03-13 17:58:04,931:      pdf_renderer.py:  470: printSegment: | Component | Responsibility |
   DEBUG: 2026-03-13 17:58:04,931:      pdf_renderer.py:  470: printSegment:  
   DEBUG: 2026-03-13 17:58:04,932:      pdf_renderer.py:  470: printSegment: |-----------|---------------|
   DEBUG: 2026-03-13 17:58:04,932:      pdf_renderer.py:  470: printSegment:  
   DEBUG: 2026-03-13 17:58:04,932:      pdf_renderer.py:  470: printSegment: | 
   DEBUG: 2026-03-13 17:58:04,933:      pdf_renderer.py:  470: printSegment: App.tsx
   DEBUG: 2026-03-13 17:58:04,935:      pdf_renderer.py:  470: printSegment:  | Root component. Manages auth state, selection
   DEBUG: 2026-03-13 17:58:04,935:      pdf_renderer.py:  470: printSegment: state, confirmation mode. Orchestrates all child components. |
   DEBUG: 2026-03-13 17:58:04,936:      pdf_renderer.py:  470: printSegment:  
   DEBUG: 2026-03-13 17:58:04,936:      pdf_renderer.py:  470: printSegment: | 
   DEBUG: 2026-03-13 17:58:04,936:      pdf_renderer.py:  470: printSegment: Header
   DEBUG: 2026-03-13 17:58:04,937:      pdf_renderer.py:  470: printSegment:  | Top navigation bar. Shows 
   DEBUG: 2026-03-13 17:58:04,937:      pdf_renderer.py:  470: printSegment: "
   DEBUG: 2026-03-13 17:58:04,938:      pdf_renderer.py:  470: printSegment: Connect
   DEBUG: 2026-03-13 17:58:04,938:      pdf_renderer.py:  470: printSegment: Zerodha
   DEBUG: 2026-03-13 17:58:04,938:      pdf_renderer.py:  470: printSegment: "
   DEBUG: 2026-03-13 17:58:04,939:      pdf_renderer.py:  470: printSegment:  when disconnected, user info + 
   DEBUG: 2026-03-13 17:58:04,939:      pdf_renderer.py:  470: printSegment: "
   DEBUG: 2026-03-13 17:58:04,939:      pdf_renderer.py:  470: printSegment: Disconnect
   DEBUG: 2026-03-13 17:58:04,940:      pdf_renderer.py:  470: printSegment: "
   DEBUG: 2026-03-13 17:58:04,940:      pdf_renderer.py:  470: printSegment:  when connected. |
   DEBUG: 2026-03-13 17:58:04,941:      pdf_renderer.py:  470: printSegment:  
   DEBUG: 2026-03-13 17:58:04,941:      pdf_renderer.py:  470: printSegment: | 
   DEBUG: 2026-03-13 17:58:04,941:      pdf_renderer.py:  470: printSegment: PortfolioSummaryBar
   DEBUG: 2026-03-13 17:58:04,943:      pdf_renderer.py:  470: printSegment:  | Four
   DEBUG: 2026-03-13 17:58:04,943:      pdf_renderer.py:  470: printSegment: summary cards showing invested amount, current value, total P
   DEBUG: 2026-03-13 17:58:04,944:      pdf_renderer.py:  470: printSegment: &
   DEBUG: 2026-03-13 17:58:04,944:      pdf_renderer.py:  470: printSegment: L, and stock count. |
   DEBUG: 2026-03-13 17:58:04,944:      pdf_renderer.py:  470: printSegment:  
   DEBUG: 2026-03-13 17:58:04,945:      pdf_renderer.py:  470: printSegment: | 
   DEBUG: 2026-03-13 17:58:04,945:      pdf_renderer.py:  470: printSegment: HoldingsTable
   DEBUG: 2026-03-13 17:58:04,947:      pdf_renderer.py:  470: printSegment:  | Full
   DEBUG: 2026-03-13 17:58:04,948:      pdf_renderer.py:  470: printSegment: holdings table with checkboxes. Supports select all (with indeterminate state), row click to toggle, and color-coded P
   DEBUG: 2026-03-13 17:58:04,949:      pdf_renderer.py:  470: printSegment: &
   DEBUG: 2026-03-13 17:58:04,949:      pdf_renderer.py:  470: printSegment: L. |
   DEBUG: 2026-03-13 17:58:04,949:      pdf_renderer.py:  470: printSegment:  
   DEBUG: 2026-03-13 17:58:04,950:      pdf_renderer.py:  470: printSegment: | 
   DEBUG: 2026-03-13 17:58:04,950:      pdf_renderer.py:  470: printSegment: ConfirmModal
   DEBUG: 2026-03-13 17:58:04,951:      pdf_renderer.py:  470: printSegment:  | Shared confirmation dialog. 
   DEBUG: 2026-03-13 17:58:04,951:      pdf_renderer.py:  470: printSegment: "
   DEBUG: 2026-03-13 17:58:04,952:      pdf_renderer.py:  470: printSegment: Selected
   DEBUG: 2026-03-13 17:58:04,952:      pdf_renderer.py:  470: printSegment: "
   DEBUG: 2026-03-13 17:58:04,953:      pdf_renderer.py:  470: printSegment:  mode shows stock list; 
   DEBUG: 2026-03-13 17:58:04,953:      pdf_renderer.py:  470: printSegment: "
   DEBUG: 2026-03-13 17:58:04,953:      pdf_renderer.py:  470: printSegment: All
   DEBUG: 2026-03-13 17:58:04,954:      pdf_renderer.py:  470: printSegment: "
   DEBUG: 2026-03-13 17:58:04,954:      pdf_renderer.py:  470: printSegment:  mode requires typing
   DEBUG: 2026-03-13 17:58:04,954:      pdf_renderer.py:  470: printSegment: 
   DEBUG: 2026-03-13 17:58:04,954:      pdf_renderer.py:  470: printSegment: "
   DEBUG: 2026-03-13 17:58:04,955:      pdf_renderer.py:  470: printSegment: SELL ALL
   DEBUG: 2026-03-13 17:58:04,955:      pdf_renderer.py:  470: printSegment: "
   DEBUG: 2026-03-13 17:58:04,956:      pdf_renderer.py:  470: printSegment:  to confirm. |
   DEBUG: 2026-03-13 17:58:04,956:      pdf_renderer.py:  470: printSegment:  
   DEBUG: 2026-03-13 17:58:04,956:      pdf_renderer.py:  470: printSegment: | 
   DEBUG: 2026-03-13 17:58:04,957:      pdf_renderer.py:  470: printSegment: OrderResults
   DEBUG: 2026-03-13 17:58:04,958:      pdf_renderer.py:  470: printSegment:  | Post-sell results modal showing per-stock success/failure with order
   DEBUG: 2026-03-13 17:58:04,958:      pdf_renderer.py:  470: printSegment: IDs. |
   DEBUG: 2026-03-13 17:58:04,959:      pdf_renderer.py:  470: printSegment: Custom Hooks
   DEBUG: 2026-03-13 17:58:04,959:      pdf_renderer.py:  470: printSegment: | Hook | Purpose |
   DEBUG: 2026-03-13 17:58:04,960:      pdf_renderer.py:  470: printSegment:  
   DEBUG: 2026-03-13 17:58:04,960:      pdf_renderer.py:  470: printSegment: |------|---------|
   DEBUG: 2026-03-13 17:58:04,960:      pdf_renderer.py:  470: printSegment:  
   DEBUG: 2026-03-13 17:58:04,961:      pdf_renderer.py:  470: printSegment: | 
   DEBUG: 2026-03-13 17:58:04,961:      pdf_renderer.py:  470: printSegment: useAuth()
   DEBUG: 2026-03-13 17:58:04,962:      pdf_renderer.py:  470: printSegment:  | Manages Zerodha connection state, login/logout actions, status
   DEBUG: 2026-03-13 17:58:04,962:      pdf_renderer.py:  470: printSegment: polling |
   DEBUG: 2026-03-13 17:58:04,962:      pdf_renderer.py:  470: printSegment:  
   DEBUG: 2026-03-13 17:58:04,962:      pdf_renderer.py:  470: printSegment: | 
   DEBUG: 2026-03-13 17:58:04,963:      pdf_renderer.py:  470: printSegment: usePortfolio()
   DEBUG: 2026-03-13 17:58:04,963:      pdf_renderer.py:  470: printSegment:  | Fetches and stores holdings data and portfolio summary |
   DEBUG: 2026-03-13 17:58:04,963:      pdf_renderer.py:  470: printSegment:  
   DEBUG: 2026-03-13 17:58:04,964:      pdf_renderer.py:  470: printSegment: | 
   DEBUG: 2026-03-13 17:58:04,964:      pdf_renderer.py:  470: printSegment: usePanicSell()
   DEBUG: 2026-03-13 17:58:04,965:      pdf_renderer.py:  470: printSegment:  |
   DEBUG: 2026-03-13 17:58:04,965:      pdf_renderer.py:  470: printSegment: Handles sell execution, loading state, and result storage |
   DEBUG: 2026-03-13 17:58:04,966:      pdf_renderer.py:  470: printSegment: 11. Safety 
   DEBUG: 2026-03-13 17:58:04,966:      pdf_renderer.py:  470: printSegment: &
   DEBUG: 2026-03-13 17:58:04,967:      pdf_renderer.py:  470: printSegment:  Confirmation Mechanisms
   DEBUG: 2026-03-13 17:58:04,967:      pdf_renderer.py:  470: printSegment: Since this tool places real market orders with real money, multiple safety layers are built in:
   DEBUG: 2026-03-13 17:58:04,968:      pdf_renderer.py:  470: printSegment: | Mechanism | Description |
   DEBUG: 2026-03-13 17:58:04,968:      pdf_renderer.py:  470: printSegment:  
   DEBUG: 2026-03-13 17:58:04,969:      pdf_renderer.py:  470: printSegment: |-----------|-------------|
   DEBUG: 2026-03-13 17:58:04,969:      pdf_renderer.py:  470: printSegment:  
   DEBUG: 2026-03-13 17:58:04,969:      pdf_renderer.py:  470: printSegment: | 
   DEBUG: 2026-03-13 17:58:04,969:      pdf_renderer.py:  470: printSegment: Typed confirmation
   DEBUG: 2026-03-13 17:58:04,970:      pdf_renderer.py:  470: printSegment:  | Panic Sell All requires typing 
   DEBUG: 2026-03-13 17:58:04,970:      pdf_renderer.py:  470: printSegment: "
   DEBUG: 2026-03-13 17:58:04,971:      pdf_renderer.py:  470: printSegment: SELL ALL
   DEBUG: 2026-03-13 17:58:04,971:      pdf_renderer.py:  470: printSegment: "
   DEBUG: 2026-03-13 17:58:04,971:      pdf_renderer.py:  470: printSegment:  — prevents accidental clicks |
   DEBUG: 2026-03-13 17:58:04,972:      pdf_renderer.py:  470: printSegment:  
   DEBUG: 2026-03-13 17:58:04,972:      pdf_renderer.py:  470: printSegment: | 
   DEBUG: 2026-03-13 17:58:04,972:      pdf_renderer.py:  470: printSegment: List confirmation
   DEBUG: 2026-03-13 17:58:04,973:      pdf_renderer.py:  470: printSegment:  | Sell Selected shows the exact stocks, quantities, and values before
   DEBUG: 2026-03-13 17:58:04,973:      pdf_renderer.py:  470: printSegment: confirming |
   DEBUG: 2026-03-13 17:58:04,974:      pdf_renderer.py:  470: printSegment:  
   DEBUG: 2026-03-13 17:58:04,974:      pdf_renderer.py:  470: printSegment: | 
   DEBUG: 2026-03-13 17:58:04,974:      pdf_renderer.py:  470: printSegment: Button disabling
   DEBUG: 2026-03-13 17:58:04,975:      pdf_renderer.py:  470: printSegment:  | Both sell buttons are disabled while orders are in-flight (prevents
   DEBUG: 2026-03-13 17:58:04,976:      pdf_renderer.py:  470: printSegment: double-execution) |
   DEBUG: 2026-03-13 17:58:04,976:      pdf_renderer.py:  470: printSegment:  
   DEBUG: 2026-03-13 17:58:04,976:      pdf_renderer.py:  470: printSegment: | 
   DEBUG: 2026-03-13 17:58:04,977:      pdf_renderer.py:  470: printSegment: Empty selection guard
   DEBUG: 2026-03-13 17:58:04,977:      pdf_renderer.py:  470: printSegment:  | 
   DEBUG: 2026-03-13 17:58:04,978:      pdf_renderer.py:  470: printSegment: "
   DEBUG: 2026-03-13 17:58:04,978:      pdf_renderer.py:  470: printSegment: Sell Selected
   DEBUG: 2026-03-13 17:58:04,978:      pdf_renderer.py:  470: printSegment: "
   DEBUG: 2026-03-13 17:58:04,979:      pdf_renderer.py:  470: printSegment:  button is disabled when no stocks are checked |
   DEBUG: 2026-03-13 17:58:04,979:      pdf_renderer.py:  470: printSegment:  
   DEBUG: 2026-03-13 17:58:04,979:      pdf_renderer.py:  470: printSegment: | 
   DEBUG: 2026-03-13 17:58:04,980:      pdf_renderer.py:  470: printSegment: Backend validation
   DEBUG: 2026-03-13 17:58:04,980:      pdf_renderer.py:  470: printSegment:  | Server verifies holdings exist with quantity > 0 before placing orders |
   DEBUG: 2026-03-13 17:58:04,981:      pdf_renderer.py:  470: printSegment:  
   DEBUG: 2026-03-13 17:58:04,981:      pdf_renderer.py:  470: printSegment: | 
   DEBUG: 2026-03-13 17:58:04,981:      pdf_renderer.py:  470: printSegment: Per-order error
   DEBUG: 2026-03-13 17:58:04,982:      pdf_renderer.py:  470: printSegment: handling
   DEBUG: 2026-03-13 17:58:04,982:      pdf_renderer.py:  470: printSegment:  | If one order fails, others still proceed; all results reported individually |
   DEBUG: 2026-03-13 17:58:04,983:      pdf_renderer.py:  470: printSegment:  
   DEBUG: 2026-03-13 17:58:04,983:      pdf_renderer.py:  470: printSegment: | 
   DEBUG: 2026-03-13 17:58:04,984:      pdf_renderer.py:  470: printSegment: Logging
   DEBUG: 2026-03-13 17:58:04,985:      pdf_renderer.py:  470: printSegment:  | All sell orders logged
   DEBUG: 2026-03-13 17:58:04,985:      pdf_renderer.py:  470: printSegment: server-side with symbol, quantity, and order ID |
   DEBUG: 2026-03-13 17:58:04,986:      pdf_renderer.py:  470: printSegment:  
   DEBUG: 2026-03-13 17:58:04,986:      pdf_renderer.py:  470: printSegment: | 
   DEBUG: 2026-03-13 17:58:04,987:      pdf_renderer.py:  470: printSegment: Daily session expiry
   DEBUG: 2026-03-13 17:58:04,988:      pdf_renderer.py:  470: printSegment:  | Tokens auto-expire overnight — no stale
   DEBUG: 2026-03-13 17:58:04,988:      pdf_renderer.py:  470: printSegment: sessions that could be triggered accidentally |
   DEBUG: 2026-03-13 17:58:04,989:      pdf_renderer.py:  470: printSegment: 12. SEBI Compliance 
   DEBUG: 2026-03-13 17:58:04,989:      pdf_renderer.py:  470: printSegment: &
   DEBUG: 2026-03-13 17:58:04,990:      pdf_renderer.py:  470: printSegment:  Legal Considerations
   DEBUG: 2026-03-13 17:58:04,990:      pdf_renderer.py:  470: printSegment: Important: This Tool is for Personal Use Only.
   DEBUG: 2026-03-13 17:58:04,991:      pdf_renderer.py:  470: printSegment:  
   DEBUG: 2026-03-13 17:58:04,996:      pdf_renderer.py:  470: printSegment: PanicSell is designed and intended for personal
   DEBUG: 2026-03-13 17:58:04,998:      pdf_renderer.py:  470: printSegment: portfolio management on a single Zerodha account. It must not be used to trade on behalf of others,
   DEBUG: 2026-03-13 17:58:04,999:      pdf_renderer.py:  470: printSegment: offered as a service, or distributed commercially.
   DEBUG: 2026-03-13 17:58:05,000:      pdf_renderer.py:  470: printSegment: SEBI 2025 Regulatory Framework Compliance
   DEBUG: 2026-03-13 17:58:05,000:      pdf_renderer.py:  470: printSegment: | Requirement | How PanicSell Complies |
   DEBUG: 2026-03-13 17:58:05,001:      pdf_renderer.py:  470: printSegment:  
   DEBUG: 2026-03-13 17:58:05,001:      pdf_renderer.py:  470: printSegment: |-------------|----------------------|
   DEBUG: 2026-03-13 17:58:05,002:      pdf_renderer.py:  470: printSegment:  
   DEBUG: 2026-03-13 17:58:05,003:      pdf_renderer.py:  470: printSegment: | Personal use, single account | Connects to
   DEBUG: 2026-03-13 17:58:05,004:      pdf_renderer.py:  470: printSegment: one Zerodha account only; no multi-user support |
   DEBUG: 2026-03-13 17:58:05,004:      pdf_renderer.py:  470: printSegment:  
   DEBUG: 2026-03-13 17:58:05,005:      pdf_renderer.py:  470: printSegment: | 2FA / TOTP mandatory | Enforced by Zerodha
   DEBUG: 2026-03-13 17:58:05,005:      pdf_renderer.py:  470: printSegment: '
   DEBUG: 2026-03-13 17:58:05,006:      pdf_renderer.py:  470: printSegment: s login — users must
   DEBUG: 2026-03-13 17:58:05,006:      pdf_renderer.py:  470: printSegment: enter TOTP at OAuth login |
   DEBUG: 2026-03-13 17:58:05,007:      pdf_renderer.py:  470: printSegment:  
   DEBUG: 2026-03-13 17:58:05,008:      pdf_renderer.py:  470: printSegment: | Manual trigger (not automated) | All sells require explicit user action (button click +
   DEBUG: 2026-03-13 17:58:05,008:      pdf_renderer.py:  470: printSegment: confirmation) |
   DEBUG: 2026-03-13 17:58:05,008:      pdf_renderer.py:  470: printSegment:  
   DEBUG: 2026-03-13 17:58:05,009:      pdf_renderer.py:  470: printSegment: | Daily manual login required | Token expires daily; user must re-authenticate each morning |
   DEBUG: 2026-03-13 17:58:05,009:      pdf_renderer.py:  470: printSegment:  
   DEBUG: 2026-03-13 17:58:05,011:      pdf_renderer.py:  470: printSegment: | No
   DEBUG: 2026-03-13 17:58:05,011:      pdf_renderer.py:  470: printSegment: exchange registration needed | Personal-use tools with manual triggers don
   DEBUG: 2026-03-13 17:58:05,012:      pdf_renderer.py:  470: printSegment: '
   DEBUG: 2026-03-13 17:58:05,012:      pdf_renderer.py:  470: printSegment: t require exchange approval |
   DEBUG: 2026-03-13 17:58:05,013:      pdf_renderer.py:  470: printSegment:  
   DEBUG: 2026-03-13 17:58:05,014:      pdf_renderer.py:  470: printSegment: | No data
   DEBUG: 2026-03-13 17:58:05,015:      pdf_renderer.py:  470: printSegment: redistribution | Portfolio data is displayed only to the authenticated user locally |
   DEBUG: 2026-03-13 17:58:05,015:      pdf_renderer.py:  470: printSegment:  
   DEBUG: 2026-03-13 17:58:05,017:      pdf_renderer.py:  470: printSegment: | Order frequency thresholds | Batch
   DEBUG: 2026-03-13 17:58:05,018:      pdf_renderer.py:  470: printSegment: sell is a single user action; does not approach algo-trading OPS limits |
   DEBUG: 2026-03-13 17:58:05,019:      pdf_renderer.py:  470: printSegment: What is NOT Permitted
   DEBUG: 2026-03-13 17:58:05,019:      pdf_renderer.py:  470: printSegment: l
   DEBUG: 2026-03-13 17:58:05,020:      pdf_renderer.py:  470: printSegment: Using this tool on multiple accounts or for third-party trading
   DEBUG: 2026-03-13 17:58:05,020:      pdf_renderer.py:  470: printSegment: l
   DEBUG: 2026-03-13 17:58:05,021:      pdf_renderer.py:  470: printSegment: Automating the login/TOTP step (e.g., via pyotp on a cron job)
   DEBUG: 2026-03-13 17:58:05,022:      pdf_renderer.py:  470: printSegment: l
   DEBUG: 2026-03-13 17:58:05,022:      pdf_renderer.py:  470: printSegment: Offering this as a copy-trading or signal service
   DEBUG: 2026-03-13 17:58:05,023:      pdf_renderer.py:  470: printSegment: l
   DEBUG: 2026-03-13 17:58:05,023:      pdf_renderer.py:  470: printSegment: Marketing strategies as 
   DEBUG: 2026-03-13 17:58:05,024:      pdf_renderer.py:  470: printSegment: "
   DEBUG: 2026-03-13 17:58:05,024:      pdf_renderer.py:  470: printSegment: SEBI-approved algorithms
   DEBUG: 2026-03-13 17:58:05,025:      pdf_renderer.py:  470: printSegment: "
   DEBUG: 2026-03-13 17:58:05,026:      pdf_renderer.py:  470: printSegment: 13. Setup 
   DEBUG: 2026-03-13 17:58:05,026:      pdf_renderer.py:  470: printSegment: &
   DEBUG: 2026-03-13 17:58:05,027:      pdf_renderer.py:  470: printSegment:  Installation
   DEBUG: 2026-03-13 17:58:05,027:      pdf_renderer.py:  470: printSegment: Prerequisites
   DEBUG: 2026-03-13 17:58:05,028:      pdf_renderer.py:  470: printSegment: l
   DEBUG: 2026-03-13 17:58:05,028:      pdf_renderer.py:  470: printSegment: A Zerodha trading account
   DEBUG: 2026-03-13 17:58:05,029:      pdf_renderer.py:  470: printSegment: l
   DEBUG: 2026-03-13 17:58:05,029:      pdf_renderer.py:  470: printSegment: Python 3.10+ and Node.js 18+
   DEBUG: 2026-03-13 17:58:05,030:      pdf_renderer.py:  470: printSegment: l
   DEBUG: 2026-03-13 17:58:05,031:      pdf_renderer.py:  470: printSegment: TOTP enabled on your Zerodha account (via Google Authenticator or similar)
   DEBUG: 2026-03-13 17:58:05,031:      pdf_renderer.py:  470: printSegment: Step 1: Zerodha Developer App
   DEBUG: 2026-03-13 17:58:05,032:      pdf_renderer.py:  470: printSegment:  1 
   DEBUG: 2026-03-13 17:58:05,032:      pdf_renderer.py:  470: printSegment: Sign up at 
   DEBUG: 2026-03-13 17:58:05,033:      pdf_renderer.py:  470: printSegment: developers.kite.trade
   DEBUG: 2026-03-13 17:58:05,033:      pdf_renderer.py:  470: printSegment:  2 
   DEBUG: 2026-03-13 17:58:05,034:      pdf_renderer.py:  470: printSegment: Create a new app (Personal plan, free)
   DEBUG: 2026-03-13 17:58:05,034:      pdf_renderer.py:  470: printSegment:  3 
   DEBUG: 2026-03-13 17:58:05,034:      pdf_renderer.py:  470: printSegment: Enter your Zerodha Client ID (your trading user ID)
   DEBUG: 2026-03-13 17:58:05,035:      pdf_renderer.py:  470: printSegment:  4 
   DEBUG: 2026-03-13 17:58:05,035:      pdf_renderer.py:  470: printSegment: Set Redirect URL to 
   DEBUG: 2026-03-13 17:58:05,035:      pdf_renderer.py:  470: printSegment: http://localhost:8000/api/auth/callback
   DEBUG: 2026-03-13 17:58:05,036:      pdf_renderer.py:  470: printSegment:  5 
   DEBUG: 2026-03-13 17:58:05,036:      pdf_renderer.py:  470: printSegment: Note the generated 
   DEBUG: 2026-03-13 17:58:05,036:      pdf_renderer.py:  470: printSegment: API Key
   DEBUG: 2026-03-13 17:58:05,037:      pdf_renderer.py:  470: printSegment:  and 
   DEBUG: 2026-03-13 17:58:05,037:      pdf_renderer.py:  470: printSegment: API Secret
   DEBUG: 2026-03-13 17:58:05,037:      pdf_renderer.py:  470: printSegment: Step 2: Backend
   DEBUG: 2026-03-13 17:58:05,038:      pdf_renderer.py:  470: printSegment: cd panicsell/backend
   DEBUG: 2026-03-13 17:58:05,038:      pdf_renderer.py:  470: printSegment: python3 -m venv venv
   DEBUG: 2026-03-13 17:58:05,038:      pdf_renderer.py:  470: printSegment: source venv/bin/activate
   DEBUG: 2026-03-13 17:58:05,039:      pdf_renderer.py:  470: printSegment: pip install -r requirements.txt
   DEBUG: 2026-03-13 17:58:05,039:      pdf_renderer.py:  470: printSegment: # Create .env with your credentials
   DEBUG: 2026-03-13 17:58:05,040:      pdf_renderer.py:  470: printSegment: cp .env.example .env
   DEBUG: 2026-03-13 17:58:05,040:      pdf_renderer.py:  470: printSegment: # Edit .env: KITE_API_KEY=xxx, KITE_API_SECRET=xxx
   DEBUG: 2026-03-13 17:58:05,040:      pdf_renderer.py:  470: printSegment: # Start the server
   DEBUG: 2026-03-13 17:58:05,041:      pdf_renderer.py:  470: printSegment: uvicorn app.main:app --reload --port 8000
   DEBUG: 2026-03-13 17:58:05,041:      pdf_renderer.py:  470: printSegment: Step 3: Frontend
   DEBUG: 2026-03-13 17:58:05,042:      pdf_renderer.py:  470: printSegment: cd panicsell/frontend
   DEBUG: 2026-03-13 17:58:05,042:      pdf_renderer.py:  470: printSegment: npm install
   DEBUG: 2026-03-13 17:58:05,042:      pdf_renderer.py:  470: printSegment: npm run dev
   DEBUG: 2026-03-13 17:58:05,043:      pdf_renderer.py:  470: printSegment: Step 4: Use the App
   DEBUG: 2026-03-13 17:58:05,043:      pdf_renderer.py:  470: printSegment:  1 
   DEBUG: 2026-03-13 17:58:05,044:      pdf_renderer.py:  470: printSegment: Open 
   DEBUG: 2026-03-13 17:58:05,044:      pdf_renderer.py:  470: printSegment: http://localhost:5173
   DEBUG: 2026-03-13 17:58:05,044:      pdf_renderer.py:  470: printSegment:  in your browser
   DEBUG: 2026-03-13 17:58:05,045:      pdf_renderer.py:  470: printSegment:  2 
   DEBUG: 2026-03-13 17:58:05,045:      pdf_renderer.py:  470: printSegment: Click 
   DEBUG: 2026-03-13 17:58:05,045:      pdf_renderer.py:  470: printSegment: "
   DEBUG: 2026-03-13 17:58:05,046:      pdf_renderer.py:  470: printSegment: Connect Zerodha
   DEBUG: 2026-03-13 17:58:05,046:      pdf_renderer.py:  470: printSegment: "
   DEBUG: 2026-03-13 17:58:05,046:      pdf_renderer.py:  470: printSegment:  and log in with your credentials + TOTP
   DEBUG: 2026-03-13 17:58:05,047:      pdf_renderer.py:  470: printSegment:  3 
   DEBUG: 2026-03-13 17:58:05,047:      pdf_renderer.py:  470: printSegment: View your portfolio, select stocks, and sell as needed
   DEBUG: 2026-03-13 17:58:05,048:      pdf_renderer.py:  470: printSegment: 14. Future Enhancements
   DEBUG: 2026-03-13 17:58:05,048:      pdf_renderer.py:  470: printSegment: | Enhancement | Description |
   DEBUG: 2026-03-13 17:58:05,049:      pdf_renderer.py:  470: printSegment:  
   DEBUG: 2026-03-13 17:58:05,049:      pdf_renderer.py:  470: printSegment: |-------------|-------------|
   DEBUG: 2026-03-13 17:58:05,049:      pdf_renderer.py:  470: printSegment:  
   DEBUG: 2026-03-13 17:58:05,051:      pdf_renderer.py:  470: printSegment: | Live price streaming | WebSocket connection for real-time
   DEBUG: 2026-03-13 17:58:05,051:      pdf_renderer.py:  470: printSegment: LTP updates (requires ₹500/mo plan) |
   DEBUG: 2026-03-13 17:58:05,052:      pdf_renderer.py:  470: printSegment:  
   DEBUG: 2026-03-13 17:58:05,053:      pdf_renderer.py:  470: printSegment: | Stop-loss presets | Configure automatic sell triggers at predefined loss
   DEBUG: 2026-03-13 17:58:05,053:      pdf_renderer.py:  470: printSegment: thresholds |
   DEBUG: 2026-03-13 17:58:05,053:      pdf_renderer.py:  470: printSegment:  
   DEBUG: 2026-03-13 17:58:05,054:      pdf_renderer.py:  470: printSegment: | Order history | Persistent log of all sell actions with timestamps and outcomes |
   DEBUG: 2026-03-13 17:58:05,054:      pdf_renderer.py:  470: printSegment:  
   DEBUG: 2026-03-13 17:58:05,055:      pdf_renderer.py:  470: printSegment: | Mobile responsive |
   DEBUG: 2026-03-13 17:58:05,056:      pdf_renderer.py:  470: printSegment: Optimized layout for phone-based panic selling |
   DEBUG: 2026-03-13 17:58:05,056:      pdf_renderer.py:  470: printSegment:  
   DEBUG: 2026-03-13 17:58:05,057:      pdf_renderer.py:  470: printSegment: | Multi-broker support | Add Angel One, Dhan, Upstox alongside
   DEBUG: 2026-03-13 17:58:05,057:      pdf_renderer.py:  470: printSegment: Zerodha |
   DEBUG: 2026-03-13 17:58:05,058:      pdf_renderer.py:  470: printSegment:  
   DEBUG: 2026-03-13 17:58:05,059:      pdf_renderer.py:  470: printSegment: | Portfolio analytics | Sector allocation, risk metrics, diversification scores |
   DEBUG: 2026-03-13 17:58:05,059:      pdf_renderer.py:  470: printSegment:  
   DEBUG: 2026-03-13 17:58:05,060:      pdf_renderer.py:  470: printSegment: | Notifications |
   DEBUG: 2026-03-13 17:58:05,061:      pdf_renderer.py:  470: printSegment: Telegram/email alerts when portfolio drops below a threshold |
   DEBUG: 2026-03-13 17:58:05,063:      pdf_renderer.py:  470: printSegment: PanicSell v1.0.0 | Built by Anindya G | March 2026
   DEBUG: 2026-03-13 17:58:05,064:      pdf_renderer.py:  470: printSegment:  
   DEBUG: 2026-03-13 17:58:05,065:      pdf_renderer.py:  470: printSegment: For personal use only. Not financial advice.
   DEBUG: 2026-03-13 17:58:05,065:      pdf_renderer.py:   53: 0, [1, 'PanicSell — Project Documentation', 1, 68.0]
   DEBUG: 2026-03-13 17:58:05,065:      pdf_renderer.py:   53: 1, [2, 'Table of Contents', 1, 166.0]
   DEBUG: 2026-03-13 17:58:05,065:      pdf_renderer.py:   53: 2, [2, '1. Project Overview', 1, 391.6]
   DEBUG: 2026-03-13 17:58:05,065:      pdf_renderer.py:   53: 3, [2, '2. Problem Statement ', 1, 509.20000000000005]
   DEBUG: 2026-03-13 17:58:05,065:      pdf_renderer.py:   53: 4, [2, '3. Architecture', 1, 662.8]
   DEBUG: 2026-03-13 17:58:05,065:      pdf_renderer.py:   53: 5, [3, 'Data Flow', 2, 146.4]
   DEBUG: 2026-03-13 17:58:05,065:      pdf_renderer.py:   53: 6, [2, '4. Tech Stack', 2, 271.6]
   DEBUG: 2026-03-13 17:58:05,065:      pdf_renderer.py:   53: 7, [2, '5. Project Structure', 2, 395.20000000000005]
   DEBUG: 2026-03-13 17:58:05,065:      pdf_renderer.py:   53: 8, [2, '6. Zerodha Kite Connect API Integration', 3, 212.8]
   DEBUG: 2026-03-13 17:58:05,065:      pdf_renderer.py:   53: 9, [3, 'What is Kite Connect?', 3, 246.0]
   DEBUG: 2026-03-13 17:58:05,065:      pdf_renderer.py:   53: 10, [3, 'API Endpoints Used', 3, 304.79999999999995]
   DEBUG: 2026-03-13 17:58:05,065:      pdf_renderer.py:   53: 11, [3, 'API Pricing', 3, 399.5999999999999]
   DEBUG: 2026-03-13 17:58:05,065:      pdf_renderer.py:   53: 12, [2, '7. Authentication Flow', 3, 470.7999999999999]
   DEBUG: 2026-03-13 17:58:05,065:      pdf_renderer.py:   53: 13, [3, 'OAuth Login Sequence', 3, 503.9999999999999]
   DEBUG: 2026-03-13 17:58:05,065:      pdf_renderer.py:   53: 14, [3, 'Key Detail: TOTP is Only Needed at Login', 3, 622.7999999999998]
   DEBUG: 2026-03-13 17:58:05,065:      pdf_renderer.py:   53: 15, [3, 'Daily Login Required', 3, 693.5999999999998]
   DEBUG: 2026-03-13 17:58:05,065:      pdf_renderer.py:   53: 16, [2, '8. Core Features', 4, 122.80000000000001]
   DEBUG: 2026-03-13 17:58:05,065:      pdf_renderer.py:   53: 17, [3, '8.1 Portfolio Dashboard', 4, 156.00000000000003]
   DEBUG: 2026-03-13 17:58:05,065:      pdf_renderer.py:   53: 18, [3, '8.2 Sell Selected', 4, 256.8]
   DEBUG: 2026-03-13 17:58:05,065:      pdf_renderer.py:   53: 19, [3, '8.3 Panic Sell All', 4, 369.59999999999997]
   DEBUG: 2026-03-13 17:58:05,065:      pdf_renderer.py:   53: 20, [3, '8.4 Order Results', 4, 470.3999999999999]
   DEBUG: 2026-03-13 17:58:05,065:      pdf_renderer.py:   53: 21, [2, '9. Backend — API Design', 4, 571.5999999999999]
   DEBUG: 2026-03-13 17:58:05,065:      pdf_renderer.py:   53: 22, [3, 'API Endpoints', 4, 604.7999999999998]
   DEBUG: 2026-03-13 17:58:05,065:      pdf_renderer.py:   53: 23, [3, 'Panic Sell Endpoint — Request/Response', 5, 72.0]
   DEBUG: 2026-03-13 17:58:05,065:      pdf_renderer.py:   53: 24, [3, 'KiteService — Core Backend Service', 5, 388.79999999999995]
   DEBUG: 2026-03-13 17:58:05,065:      pdf_renderer.py:   53: 25, [2, '10. Frontend — Component Architecture', 5, 555.9999999999999]
   DEBUG: 2026-03-13 17:58:05,065:      pdf_renderer.py:   53: 26, [3, 'Components', 5, 589.1999999999998]
   DEBUG: 2026-03-13 17:58:05,066:      pdf_renderer.py:   53: 27, [3, 'Custom Hooks', 6, 72.0]
   DEBUG: 2026-03-13 17:58:05,066:      pdf_renderer.py:   53: 28, [2, '11. Safety ', 6, 155.20000000000002]
   DEBUG: 2026-03-13 17:58:05,066:      pdf_renderer.py:   53: 29, [2, '12. SEBI Compliance ', 6, 320.8]
   DEBUG: 2026-03-13 17:58:05,066:      pdf_renderer.py:   53: 30, [3, 'SEBI 2025 Regulatory Framework Compliance', 6, 402.0]
   DEBUG: 2026-03-13 17:58:05,066:      pdf_renderer.py:   53: 31, [3, 'What is NOT Permitted', 6, 520.8]
   DEBUG: 2026-03-13 17:58:05,066:      pdf_renderer.py:   53: 32, [2, '13. Setup ', 6, 621.9999999999999]
   DEBUG: 2026-03-13 17:58:05,066:      pdf_renderer.py:   53: 33, [3, 'Prerequisites', 6, 655.1999999999998]
   DEBUG: 2026-03-13 17:58:05,066:      pdf_renderer.py:   53: 34, [3, 'Step 1: Zerodha Developer App', 7, 92.4]
   DEBUG: 2026-03-13 17:58:05,066:      pdf_renderer.py:   53: 35, [3, 'Step 2: Backend', 7, 193.20000000000002]
   DEBUG: 2026-03-13 17:58:05,066:      pdf_renderer.py:   53: 36, [3, 'Step 3: Frontend', 7, 342.0]
   DEBUG: 2026-03-13 17:58:05,066:      pdf_renderer.py:   53: 37, [3, 'Step 4: Use the App', 7, 418.79999999999995]
   DEBUG: 2026-03-13 17:58:05,066:      pdf_renderer.py:   53: 38, [2, '14. Future Enhancements', 7, 507.9999999999999]
